<?xml version="1.0" encoding="UTF-8"?>
<!-- Generated by org.testng.reporters.JUnitReportReporter -->
<testsuite name="com.qa.test.PostApiTest" tests="1" time="2.256" ignored="0" failures="0" timestamp="06 Oct 2020 09:05:19 GMT" skipped="0" hostname="hp" errors="0">
  <testcase name="postApiTest" time="2.256" classname="com.qa.test.PostApiTest"/>
</testsuite> <!-- com.qa.test.PostApiTest -->
