<?xml version="1.0" encoding="UTF-8"?>
<!-- Generated by org.testng.reporters.JUnitReportReporter -->
<testsuite name="com.qa.test.TestRestApi" tests="2" time="2.136" ignored="0" failures="0" timestamp="05 Oct 2020 14:54:22 GMT" skipped="0" hostname="hp" errors="0">
  <testcase name="restApiTest" time="1.643" classname="com.qa.test.TestRestApi"/>
  <testcase name="restApiTestWithHeaders" time="0.493" classname="com.qa.test.TestRestApi"/>
</testsuite> <!-- com.qa.test.TestRestApi -->
