<?xml version="1.0" encoding="UTF-8"?>
<!-- Generated by org.testng.reporters.JUnitReportReporter -->
<testsuite name="com.qa.test.TestRestApi" tests="1" time="1.062" ignored="0" failures="0" timestamp="09 Mar 2021 17:13:18 GMT" skipped="0" hostname="hp" errors="0">
  <testcase name="restApiTestWithHeaders" time="1.062" classname="com.qa.test.TestRestApi"/>
</testsuite> <!-- com.qa.test.TestRestApi -->
