<?xml version="1.0" encoding="UTF-8"?>
<!-- Generated by org.testng.reporters.JUnitReportReporter -->
<testsuite name="com.qa.test.TestRestApi" tests="3" time="1.661" ignored="0" failures="0" timestamp="10 Mar 2021 06:17:29 GMT" skipped="0" hostname="hp" errors="0">
  <testcase name="checkPostcode" time="0.160" classname="com.qa.test.TestRestApi"/>
  <testcase name="validatePostcode" time="1.373" classname="com.qa.test.TestRestApi"/>
  <testcase name="nearestPostcode" time="0.128" classname="com.qa.test.TestRestApi"/>
</testsuite> <!-- com.qa.test.TestRestApi -->
